Traceback (most recent call last):
  File "/Users/cenkyagkan/opt/anaconda3/lib/python3.8/site-packages/jupyter_cache/executors/utils.py", line 51, in single_nb_execution
    executenb(
  File "/Users/cenkyagkan/opt/anaconda3/lib/python3.8/site-packages/nbclient/client.py", line 1112, in execute
    return NotebookClient(nb=nb, resources=resources, km=km, **kwargs).execute()
  File "/Users/cenkyagkan/opt/anaconda3/lib/python3.8/site-packages/nbclient/util.py", line 74, in wrapped
    return just_run(coro(*args, **kwargs))
  File "/Users/cenkyagkan/opt/anaconda3/lib/python3.8/site-packages/nbclient/util.py", line 53, in just_run
    return loop.run_until_complete(coro)
  File "/Users/cenkyagkan/opt/anaconda3/lib/python3.8/asyncio/base_events.py", line 616, in run_until_complete
    return future.result()
  File "/Users/cenkyagkan/opt/anaconda3/lib/python3.8/site-packages/nbclient/client.py", line 553, in async_execute
    await self.async_execute_cell(
  File "/Users/cenkyagkan/opt/anaconda3/lib/python3.8/site-packages/nbclient/client.py", line 857, in async_execute_cell
    self._check_raise_for_error(cell, exec_reply)
  File "/Users/cenkyagkan/opt/anaconda3/lib/python3.8/site-packages/nbclient/client.py", line 760, in _check_raise_for_error
    raise CellExecutionError.from_cell_and_msg(cell, exec_reply_content)
nbclient.exceptions.CellExecutionError: An error occurred while executing the following cell:
------------------
from selenium import webdriver
from selenium.webdriver.common.keys import Keys  
from selenium.webdriver.common.action_chains import ActionChains
from selenium.webdriver.common.by import By
from selenium.webdriver.support.ui import WebDriverWait  
from selenium.webdriver.support import expected_conditions as EC
from selenium.webdriver.support.ui import Select
#import winsound
 
import time
import pandas as pd


price_minimum = "1000"
price_maximum = "200000"


PATH = r"/Users/cenkyagkan/Downloads/chromedriver"
url = r"https://www.mobile.de"
ort_plz = "Deutschland"
num_cars_scrape = 1000


while True:
    cars = []
    driver = webdriver.Chrome(PATH)
    driver.maximize_window()
    driver.get(url)
    time.sleep(15)
    
    try:
        driver.find_element_by_id("gdpr-consent-accept-button").click()
    except:
        pass
    
    driver.find_element_by_id("qsdet").click()
    time.sleep(5)
    
    # gebraucht
    driver.find_element_by_id("usage-USED-ds").click()
    time.sleep(5)
    
    # Marke
    #select Mercedes-Benz
    wait = WebDriverWait(driver, 1)
    element = wait.until(EC.visibility_of_element_located((By.ID, "selectMake1-ds")))
    select = Select(element)
    select.select_by_visible_text("Mercedes-Benz")
    time.sleep(3)
    
    #minPrice
    price_min = driver.find_element_by_id("minPrice")
    price_min.send_keys(price_minimum)
    time.sleep(0.5)
    #maxPrice
    price_max = driver.find_element_by_id("maxPrice")
    price_max.send_keys(price_maximum)
    time.sleep(0.5)
    
    #Erstzulassung
    erstzulassung_min = driver.find_element_by_id("minFirstRegistrationDate")
    erstzulassung_min.send_keys("2017")
    time.sleep(0.5)
    erstzulassung_max = driver.find_element_by_id("maxFirstRegistrationDate")
    erstzulassung_max.send_keys("2021")
    time.sleep(0.5)
    
    
    #Ortsuche
    search_ort_plz = driver.find_element_by_id("ambit-search-location")
    search_ort_plz.clear()
    search_ort_plz.send_keys(ort_plz)
    search_ort_plz.send_keys(Keys.RETURN)
    time.sleep(10)
    
    # Neuste Inserate zuerst anzeigen
    wait0 = WebDriverWait(driver, 5)
    element = wait0.until(EC.visibility_of_element_located((By.ID, "so-sb")))
    select = Select(element)
    select.select_by_visible_text("Neueste Inserate zuerst")
    #select.select_by_visible_text("Kilometer absteigend")
    #select.select_by_visible_text("Ã„lteste Inserate zuerst")
    #select.select_by_visible_text("Standard-Sortierung")
    time.sleep(10)
    
    #buttons = driver.find_elements_by_xpath('.//a[@class="link--muted no--text--decoration result-item"]')
    #buttons = driver.find_elements_by_xpath('.//div[@class="cBox-body cBox-body--resultitem fsboAd rbt-reg rbt-no-top"]')
    try:
        buttons = driver.find_elements_by_xpath('.//div[@class="cBox-body cBox-body--resultitem dealerAd"]')
        button = buttons[2]
    except:
        buttons = driver.find_elements_by_xpath('.//div[@class="cBox-body cBox-body--resultitem fsboAd"]')
        button = buttons[2]
            
    
    ActionChains(driver).move_to_element(button).click(button).perform()
    #button.click()
    time.sleep(8)
        
    for i in range(num_cars_scrape):
        time.sleep(0.2)  
        
        try:
            WebDriverWait(driver, 5).until(EC.visibility_of_element_located((By.ID, "z1234")))
            WebDriverWait(driver, 5).until(EC.visibility_of_element_located((By.XPATH, './/span[@class="h3 prime-price"]')))
            time.sleep(1)
        except:
            print('exce__________')
            time.sleep(4)
        
        # dcoreSurveyOverlay  -- CloseDCoreOverlay
        #try:
        #    umfrage = driver.find_element_by_id("CloseDCoreOverlay")
        #    umfrage.click()
        #except:
        #    pass
        
        # CARNAME
        try:
            carname = driver.find_element_by_id("ad-title").text
        except:
            carname = -1
            
        # Preis
        try:
            price = driver.find_element_by_class_name('contact-vehicle-info__price').text
        except:
            price = -1
         
        # KILOMETERSTAND
        try:
            milage = driver.find_element_by_id("mileage-v") #  .text
            milage.location_once_scrolled_into_view
            milage = milage.text
        except:
            milage = -1
        
        # HUBRAUM
        try:
            hubraum = driver.find_element_by_id("cubicCapacity-v").text
        except:
            hubraum = -1
        
        # LEISTUNG 
        try:
            power = driver.find_element_by_id("power-v").text
        except:
            power = -1
        
        # KRAFTSTOFF
        try:
            fuel_type = driver.find_element_by_id("fuel-v").text
        except:
            fuel_type = -1
        
        # GETRIEBE
        try:
            transmission = driver.find_element_by_id("transmission-v").text
        except:
            transmission = -1
        
        
        # ERSTZULASSUNG 
        try:
            first_registration = driver.find_element_by_id("firstRegistration-v").text
        except:
            first_registration = -1
            
        # BAUJAHR
        try:
            construction_year = driver.find_element_by_id("constructionYear-v").text
        except:
            construction_year = -1
        
        # SITZPLÃ„TZE
        try:
            num_seats = driver.find_element_by_id("numSeats-v").text
        except:
            num_seats = -1
        
        # ANZAHL TÃœREN 
        try:
            num_doors = driver.find_element_by_id("doorCount-v").text
        except:
            num_doors = -1
        
        # EMMISION CLASS
        try:
            emission_class = driver.find_element_by_id("emissionClass-v").text
        except:
            emission_class = -1
        
        # FAHRZEUGTYPE
        try:
            car_type = driver.find_element_by_id("category-v").text
        except:
            car_type = -1
            
        # ANZAHL DERVORBESITZER 
        try:
            num_owners = driver.find_element_by_id("numberOfPreviousOwners-v").text
        except:
            num_owners = -1
            
        # SCHADEN
        try:
            damage = driver.find_element_by_id("damageCondition-v").text
        except:
            damage = -1
        time.sleep(0.2)
        cars.append({"carname" : carname,
                         "price" : price,
                         "milage" : milage,
                         "hubraum" : hubraum,
                         "power" : power,
                         "fuel_type" : fuel_type,
                         "transmission" : transmission,
                         "construction_year" : construction_year,
                         "first_registration" : first_registration,
                         "num_seats" : num_seats,
                         "num_doors" : num_doors,
                         "emission_class" : emission_class,
                         "car_type" : car_type,
                         "num_owners" : num_owners,
                         "damage" : damage})
        
        
        print(i,'/',num_cars_scrape)
        print(price)
        
        # a class = link--muted nav-next u-hide
        # i class gicon-next-s icon--s icon--grey-60 u-no-margin-right
        #EC.visibility_of_element_located    funkt
        #EC.element_to_be_clickable
        # './/a[@class="link--muted nav-next u-hide"]'   funkt
        # './/i[@class="gicon-next-s icon--s icon--grey-60 u-no-margin-right"]'
        try:
            try:
                wait2 = WebDriverWait(driver, 60)
                next_btn = wait2.until(EC.element_to_be_clickable((By.XPATH, './/a[@class="link--muted nav-next u-hide" and @title="NÃ¤chstes Inserat"]')))
                #driver.execute_script("window.scrollTo(0, document.body.scrollHeight);")
                #time.sleep(1.2)
                #next_btn = driver.find_element_by_xpath('.//a[@class="link--muted nav-next u-hide" and @title="NÃ¤chstes Inserat"]')
                next_btn.location_once_scrolled_into_view
                time.sleep(10)
                next_btn.send_keys(u'\ue007')
            except:
                driver.refresh()
                wait2 = WebDriverWait(driver, 60)
                next_btn = wait2.until(EC.element_to_be_clickable((By.XPATH, './/a[@class="link--muted nav-next u-hide" and @title="NÃ¤chstes Inserat"]')))
                #driver.execute_script("window.scrollTo(0, document.body.scrollHeight);")
                #time.sleep(1.2)
                #next_btn = driver.find_element_by_xpath('.//a[@class="link--muted nav-next u-hide" and @title="NÃ¤chstes Inserat"]')
                next_btn.location_once_scrolled_into_view
                time.sleep(10)
                next_btn.send_keys(u'\ue007')
            
        except:
            time.sleep(10)
            try:
                try:
                    body = driver.find_element_by_css_selector('body')
                except:
                    body = driver.find_element_by_id("ad-title")
                for i in range(5):
                    body.send_keys(Keys.PAGE_DOWN)
                time.sleep(10)
                next_btn = driver.find_element_by_xpath('.//a[@class="link--muted nav-next u-hide" and @title="NÃ¤chstes Inserat"]')
                next_btn.location_once_scrolled_into_view
                next_btn.send_keys(u'\ue007')
            except:
                driver.refresh()
                time.sleep(5)
                el = driver.find_element_by_id("srp-back-link")
                el.location_once_scrolled_into_view
                el.click()
                time.sleep(8)     
                btn = driver.find_element_by_xpath('.//span[@class="btn btn--orange btn--s next-resultitems-page"]')
                btn.click()
                time.sleep(8)
                try:
                    buttons = driver.find_elements_by_xpath('.//div[@class="cBox-body cBox-body--resultitem dealerAd"]')
                    button = buttons[2]
                except:
                    buttons = driver.find_elements_by_xpath('.//div[@class="cBox-body cBox-body--resultitem fsboAd"]')
                    button = buttons[2]
                ActionChains(driver).move_to_element(button).click(button).perform()
                time.sleep(8)
    
    driver.quit()
    print('Scraping succesfull!')
    data = pd.DataFrame(cars)
    break
        
data.to_csv("07_mobile_data_" + price_minimum + "_" + price_maximum + ".csv", index=False)
------------------

[0;31m---------------------------------------------------------------------------[0m
[0;31mFileNotFoundError[0m                         Traceback (most recent call last)
[0;32m~/opt/anaconda3/lib/python3.8/site-packages/selenium/webdriver/common/service.py[0m in [0;36mstart[0;34m(self)[0m
[1;32m     71[0m             [0mcmd[0m[0;34m.[0m[0mextend[0m[0;34m([0m[0mself[0m[0;34m.[0m[0mcommand_line_args[0m[0;34m([0m[0;34m)[0m[0;34m)[0m[0;34m[0m[0;34m[0m[0m
[0;32m---> 72[0;31m             self.process = subprocess.Popen(cmd, env=self.env,
[0m[1;32m     73[0m                                             [0mclose_fds[0m[0;34m=[0m[0mplatform[0m[0;34m.[0m[0msystem[0m[0;34m([0m[0;34m)[0m [0;34m!=[0m [0;34m'Windows'[0m[0;34m,[0m[0;34m[0m[0;34m[0m[0m

[0;32m~/opt/anaconda3/lib/python3.8/subprocess.py[0m in [0;36m__init__[0;34m(self, args, bufsize, executable, stdin, stdout, stderr, preexec_fn, close_fds, shell, cwd, env, universal_newlines, startupinfo, creationflags, restore_signals, start_new_session, pass_fds, encoding, errors, text)[0m
[1;32m    857[0m [0;34m[0m[0m
[0;32m--> 858[0;31m             self._execute_child(args, executable, preexec_fn, close_fds,
[0m[1;32m    859[0m                                 [0mpass_fds[0m[0;34m,[0m [0mcwd[0m[0;34m,[0m [0menv[0m[0;34m,[0m[0;34m[0m[0;34m[0m[0m

[0;32m~/opt/anaconda3/lib/python3.8/subprocess.py[0m in [0;36m_execute_child[0;34m(self, args, executable, preexec_fn, close_fds, pass_fds, cwd, env, startupinfo, creationflags, shell, p2cread, p2cwrite, c2pread, c2pwrite, errread, errwrite, restore_signals, start_new_session)[0m
[1;32m   1705[0m                         [0merr_msg[0m [0;34m=[0m [0mos[0m[0;34m.[0m[0mstrerror[0m[0;34m([0m[0merrno_num[0m[0;34m)[0m[0;34m[0m[0;34m[0m[0m
[0;32m-> 1706[0;31m                     [0;32mraise[0m [0mchild_exception_type[0m[0;34m([0m[0merrno_num[0m[0;34m,[0m [0merr_msg[0m[0;34m,[0m [0merr_filename[0m[0;34m)[0m[0;34m[0m[0;34m[0m[0m
[0m[1;32m   1707[0m                 [0;32mraise[0m [0mchild_exception_type[0m[0;34m([0m[0merr_msg[0m[0;34m)[0m[0;34m[0m[0;34m[0m[0m

[0;31mFileNotFoundError[0m: [Errno 2] No such file or directory: '/Users/cenkyagkan/Downloads/chromedriver'

During handling of the above exception, another exception occurred:

[0;31mWebDriverException[0m                        Traceback (most recent call last)
[0;32m<ipython-input-1-da7d05f2309b>[0m in [0;36m<module>[0;34m[0m
[1;32m     24[0m [0;32mwhile[0m [0;32mTrue[0m[0;34m:[0m[0;34m[0m[0;34m[0m[0m
[1;32m     25[0m     [0mcars[0m [0;34m=[0m [0;34m[[0m[0;34m][0m[0;34m[0m[0;34m[0m[0m
[0;32m---> 26[0;31m     [0mdriver[0m [0;34m=[0m [0mwebdriver[0m[0;34m.[0m[0mChrome[0m[0;34m([0m[0mPATH[0m[0;34m)[0m[0;34m[0m[0;34m[0m[0m
[0m[1;32m     27[0m     [0mdriver[0m[0;34m.[0m[0mmaximize_window[0m[0;34m([0m[0;34m)[0m[0;34m[0m[0;34m[0m[0m
[1;32m     28[0m     [0mdriver[0m[0;34m.[0m[0mget[0m[0;34m([0m[0murl[0m[0;34m)[0m[0;34m[0m[0;34m[0m[0m

[0;32m~/opt/anaconda3/lib/python3.8/site-packages/selenium/webdriver/chrome/webdriver.py[0m in [0;36m__init__[0;34m(self, executable_path, port, options, service_args, desired_capabilities, service_log_path, chrome_options, keep_alive)[0m
[1;32m     71[0m             [0mservice_args[0m[0;34m=[0m[0mservice_args[0m[0;34m,[0m[0;34m[0m[0;34m[0m[0m
[1;32m     72[0m             log_path=service_log_path)
[0;32m---> 73[0;31m         [0mself[0m[0;34m.[0m[0mservice[0m[0;34m.[0m[0mstart[0m[0;34m([0m[0;34m)[0m[0;34m[0m[0;34m[0m[0m
[0m[1;32m     74[0m [0;34m[0m[0m
[1;32m     75[0m         [0;32mtry[0m[0;34m:[0m[0;34m[0m[0;34m[0m[0m

[0;32m~/opt/anaconda3/lib/python3.8/site-packages/selenium/webdriver/common/service.py[0m in [0;36mstart[0;34m(self)[0m
[1;32m     79[0m         [0;32mexcept[0m [0mOSError[0m [0;32mas[0m [0merr[0m[0;34m:[0m[0;34m[0m[0;34m[0m[0m
[1;32m     80[0m             [0;32mif[0m [0merr[0m[0;34m.[0m[0merrno[0m [0;34m==[0m [0merrno[0m[0;34m.[0m[0mENOENT[0m[0;34m:[0m[0;34m[0m[0;34m[0m[0m
[0;32m---> 81[0;31m                 raise WebDriverException(
[0m[1;32m     82[0m                     "'%s' executable needs to be in PATH. %s" % (
[1;32m     83[0m                         os.path.basename(self.path), self.start_error_message)

[0;31mWebDriverException[0m: Message: 'chromedriver' executable needs to be in PATH. Please see https://sites.google.com/a/chromium.org/chromedriver/home

WebDriverException: Message: 'chromedriver' executable needs to be in PATH. Please see https://sites.google.com/a/chromium.org/chromedriver/home


